2026-04-10 14:46:25,446 - INFO - 테스트 모드 시작
2026-04-10 14:46:25,447 - INFO - ==================================================
2026-04-10 14:46:25,447 - INFO - 펀드 기준일자 모니터링 시작
2026-04-10 14:46:25,447 - INFO - KOFIA 페이지에서 기준일자 추출 시작...
2026-04-10 14:46:25,815 - ERROR - 기준일자 추출 실패: HTTPSConnectionPool(host='dis.kofia.or.kr', port=443): Max retries exceeded with url: /websquare/index.jsp?w2xPath=/wq/fundann/DISFundFeeCMS.xml&divisionId=MDIS01005001000000&serviceId=SDIS01005001000 (Caused by SSLError(SSLCertVerificationError(1, '[SSL: CERTIFICATE_VERIFY_FAILED] certificate verify failed: self-signed certificate in certificate chain (_ssl.c:1020)')))
2026-04-10 14:46:25,815 - ERROR - 기준일자를 가져올 수 없습니다
2026-04-10 14:46:25,815 - INFO - 테스트 모드 완료
2026-04-10 14:47:38,846 - INFO - 테스트 모드 시작
2026-04-10 14:47:38,846 - INFO - ==================================================
2026-04-10 14:47:38,846 - INFO - 펀드 기준일자 모니터링 시작
2026-04-10 14:47:38,847 - INFO - KOFIA 페이지에서 기준일자 추출 시작...
2026-04-10 14:47:38,959 - WARNING - 기준일자를 찾을 수 없습니다
2026-04-10 14:47:38,959 - ERROR - 기준일자를 가져올 수 없습니다
2026-04-10 14:47:38,959 - INFO - 테스트 모드 완료
2026-04-10 14:49:27,599 - INFO - 테스트 모드 시작
2026-04-10 14:49:27,599 - INFO - ==================================================
2026-04-10 14:49:27,599 - INFO - 펀드 기준일자 모니터링 시작
2026-04-10 14:49:27,601 - INFO - Playwright로 KOFIA 페이지 로딩 중...
2026-04-10 14:49:28,652 - INFO - 페이지 이동: https://dis.kofia.or.kr/websquare/index.jsp?w2xPath=/wq/fundann/DISFundFeeCMS.xml&divisionId=MDIS01005001000000&serviceId=SDIS01005001000
2026-04-10 14:49:33,512 - INFO - 기준일자 추출 성공: 2026-02-27
2026-04-10 14:49:33,532 - INFO - 현재 기준일자: 2026-02-27
2026-04-10 14:49:33,533 - INFO - 이전 기준일자: None
2026-04-10 14:49:33,533 - INFO - 마지막 확인일: None
2026-04-10 14:49:33,533 - INFO - 🔔 기준일자 변경 감지!
2026-04-10 14:49:34,184 - INFO - Telegram 메시지 발송 성공: 6868691807
2026-04-10 14:49:34,184 - INFO - Telegram 메시지 발송 성공: 8349084017
2026-04-10 14:49:34,189 - INFO - 상태 저장: 기준일자 변경됨 (다음 영업일 스킵)
2026-04-10 14:49:34,189 - INFO - ==================================================
2026-04-10 14:49:34,189 - INFO - 테스트 모드 완료
